g:\jobapplication\softwaredevexperiences\tam\tam\release\tam.pch
g:\jobapplication\softwaredevexperiences\tam\tam\release\vc141.pdb
g:\jobapplication\softwaredevexperiences\tam\tam\release\stdafx.obj
g:\jobapplication\softwaredevexperiences\tam\tam\release\tam.obj
g:\jobapplication\softwaredevexperiences\tam\tam\release\solver.obj
g:\jobapplication\softwaredevexperiences\tam\tam\release\matrixvectormanipulations.obj
g:\jobapplication\softwaredevexperiences\tam\tam\release\matrix.obj
g:\jobapplication\softwaredevexperiences\tam\tam\release\inversehca.obj
g:\jobapplication\softwaredevexperiences\tam\tam\release\forwardhca.obj
g:\jobapplication\softwaredevexperiences\tam\tam\release\filewriter.obj
g:\jobapplication\softwaredevexperiences\tam\tam\release\filereader.obj
g:\jobapplication\softwaredevexperiences\tam\release\tam.exe
g:\jobapplication\softwaredevexperiences\tam\release\tam.pdb
g:\jobapplication\softwaredevexperiences\tam\release\tam.ipdb
g:\jobapplication\softwaredevexperiences\tam\release\tam.iobj
g:\jobapplication\softwaredevexperiences\tam\tam\release\tam.tlog\cl.command.1.tlog
g:\jobapplication\softwaredevexperiences\tam\tam\release\tam.tlog\cl.read.1.tlog
g:\jobapplication\softwaredevexperiences\tam\tam\release\tam.tlog\cl.write.1.tlog
g:\jobapplication\softwaredevexperiences\tam\tam\release\tam.tlog\link.command.1.tlog
g:\jobapplication\softwaredevexperiences\tam\tam\release\tam.tlog\link.read.1.tlog
g:\jobapplication\softwaredevexperiences\tam\tam\release\tam.tlog\link.write.1.tlog
g:\jobapplication\softwaredevexperiences\tam\tam\release\tam.tlog\tam.write.1u.tlog
