g:\jobapplication\softwaredevexperiences\tam\tam\debug\tam.pch
g:\jobapplication\softwaredevexperiences\tam\tam\debug\vc141.pdb
g:\jobapplication\softwaredevexperiences\tam\tam\debug\vc141.idb
g:\jobapplication\softwaredevexperiences\tam\tam\debug\stdafx.obj
g:\jobapplication\softwaredevexperiences\tam\tam\debug\filereader.obj
g:\jobapplication\softwaredevexperiences\tam\tam\debug\filewriter.obj
g:\jobapplication\softwaredevexperiences\tam\tam\debug\forwardhca.obj
g:\jobapplication\softwaredevexperiences\tam\tam\debug\inversehca.obj
g:\jobapplication\softwaredevexperiences\tam\tam\debug\matrix.obj
g:\jobapplication\softwaredevexperiences\tam\tam\debug\matrixvectormanipulations.obj
g:\jobapplication\softwaredevexperiences\tam\tam\debug\solver.obj
g:\jobapplication\softwaredevexperiences\tam\tam\debug\tam.obj
g:\jobapplication\softwaredevexperiences\tam\debug\tam.ilk
g:\jobapplication\softwaredevexperiences\tam\debug\tam.exe
g:\jobapplication\softwaredevexperiences\tam\debug\tam.pdb
g:\jobapplication\softwaredevexperiences\tam\tam\debug\tam.tlog\cl.command.1.tlog
g:\jobapplication\softwaredevexperiences\tam\tam\debug\tam.tlog\cl.read.1.tlog
g:\jobapplication\softwaredevexperiences\tam\tam\debug\tam.tlog\cl.write.1.tlog
g:\jobapplication\softwaredevexperiences\tam\tam\debug\tam.tlog\link.command.1.tlog
g:\jobapplication\softwaredevexperiences\tam\tam\debug\tam.tlog\link.read.1.tlog
g:\jobapplication\softwaredevexperiences\tam\tam\debug\tam.tlog\link.write.1.tlog
